<html>
<head>
<title>TestNG:  Test</title>
<link href="../testng.css" rel="stylesheet" type="text/css" />
<link href="../my-testng.css" rel="stylesheet" type="text/css" />

<style type="text/css">
.log { display: none;} 
.stack-trace { display: none;} 
</style>
<script type="text/javascript">
<!--
function flip(e) {
  current = e.style.display;
  if (current == 'block') {
    e.style.display = 'none';
    return 0;
  }
  else {
    e.style.display = 'block';
    return 1;
  }
}

function toggleBox(szDivId, elem, msg1, msg2)
{
  var res = -1;  if (document.getElementById) {
    res = flip(document.getElementById(szDivId));
  }
  else if (document.all) {
    // this is the way old msie versions work
    res = flip(document.all[szDivId]);
  }
  if(elem) {
    if(res == 0) elem.innerHTML = msg1; else elem.innerHTML = msg2;
  }

}

function toggleAllBoxes() {
  if (document.getElementsByTagName) {
    d = document.getElementsByTagName('div');
    for (i = 0; i < d.length; i++) {
      if (d[i].className == 'log') {
        flip(d[i]);
      }
    }
  }
}

// -->
</script>

</head>
<body>
<h2 align='center'>Test</h2><table border='1' align="center">
<tr>
<td>Tests passed/Failed/Skipped:</td><td>3/0/9</td>
</tr><tr>
<td>Started on:</td><td>Thu Jan 21 11:12:04 IST 2021</td>
</tr>
<tr><td>Total time:</td><td>9 seconds (9700 ms)</td>
</tr><tr>
<td>Included groups:</td><td></td>
</tr><tr>
<td>Excluded groups:</td><td></td>
</tr>
</table><p/>
<small><i>(Hover the method name to see the test class name)</i></small><p/>
<table width='100%' border='1' class='invocation-failed'>
<tr><td colspan='4' align='center'><b>FAILED CONFIGURATIONS</b></td></tr>
<tr><td><b>Test method</b></td>
<td width="30%"><b>Exception</b></td>
<td width="10%"><b>Time (seconds)</b></td>
<td><b>Instance</b></td>
</tr>
<tr>
<td title='tests.rest.Subscription_Put.beforeClass()'><b>beforeClass</b><br>Test class: tests.rest.Subscription_Put</td>
<td><div><pre>java.lang.IllegalArgumentException: testName cannot be null or empty
	at com.aventstack.extentreports.ExtentTest.&lt;init&gt;(ExtentTest.java:80)
	at com.aventstack.extentreports.ExtentTest.&lt;init&gt;(ExtentTest.java:100)
	at com.aventstack.extentreports.ExtentReports.createTest(ExtentReports.java:238)
	at lib.utils.HTMLReporter.startTestCase(HTMLReporter.java:46)
	at lib.rest.PreAndTest.beforeClass(PreAndTest.java:45)
... Removed 25 stack frames</pre></div><a href='#' onClick='toggleBox("stack-trace1551103602", this, "Click to show all stack frames", "Click to hide stack frames")'>Click to show all stack frames</a>
<div class='stack-trace' id='stack-trace1551103602'><pre>java.lang.IllegalArgumentException: testName cannot be null or empty
	at com.aventstack.extentreports.ExtentTest.&lt;init&gt;(ExtentTest.java:80)
	at com.aventstack.extentreports.ExtentTest.&lt;init&gt;(ExtentTest.java:100)
	at com.aventstack.extentreports.ExtentReports.createTest(ExtentReports.java:238)
	at lib.utils.HTMLReporter.startTestCase(HTMLReporter.java:46)
	at lib.rest.PreAndTest.beforeClass(PreAndTest.java:45)
	at sun.reflect.NativeMethodAccessorImpl.invoke0(Native Method)
	at sun.reflect.NativeMethodAccessorImpl.invoke(NativeMethodAccessorImpl.java:62)
	at sun.reflect.DelegatingMethodAccessorImpl.invoke(DelegatingMethodAccessorImpl.java:43)
	at java.lang.reflect.Method.invoke(Method.java:498)
	at org.testng.internal.MethodInvocationHelper.invokeMethod(MethodInvocationHelper.java:100)
	at org.testng.internal.Invoker.invokeConfigurationMethod(Invoker.java:515)
	at org.testng.internal.Invoker.invokeConfigurations(Invoker.java:216)
	at org.testng.internal.Invoker.invokeConfigurations(Invoker.java:143)
	at org.testng.internal.TestMethodWorker.invokeBeforeClassMethods(TestMethodWorker.java:169)
	at org.testng.internal.TestMethodWorker.run(TestMethodWorker.java:108)
	at org.testng.TestRunner.privateRun(TestRunner.java:746)
	at org.testng.TestRunner.run(TestRunner.java:600)
	at org.testng.SuiteRunner.runTest(SuiteRunner.java:366)
	at org.testng.SuiteRunner.runSequentially(SuiteRunner.java:361)
	at org.testng.SuiteRunner.privateRun(SuiteRunner.java:319)
	at org.testng.SuiteRunner.run(SuiteRunner.java:268)
	at org.testng.SuiteRunnerWorker.runSuite(SuiteRunnerWorker.java:52)
	at org.testng.SuiteRunnerWorker.run(SuiteRunnerWorker.java:86)
	at org.testng.TestNG.runSuitesSequentially(TestNG.java:1264)
	at org.testng.TestNG.runSuitesLocally(TestNG.java:1189)
	at org.testng.TestNG.runSuites(TestNG.java:1104)
	at org.testng.TestNG.run(TestNG.java:1076)
	at org.testng.remote.AbstractRemoteTestNG.run(AbstractRemoteTestNG.java:126)
	at org.testng.remote.RemoteTestNG.initAndRun(RemoteTestNG.java:152)
	at org.testng.remote.RemoteTestNG.main(RemoteTestNG.java:57)
</pre></div></td>
<td>0</td>
<td>tests.rest.Subscription_Put@551aa95a</td></tr>
</table><p>
<table width='100%' border='1' class='invocation-skipped'>
<tr><td colspan='4' align='center'><b>SKIPPED CONFIGURATIONS</b></td></tr>
<tr><td><b>Test method</b></td>
<td width="30%"><b>Exception</b></td>
<td width="10%"><b>Time (seconds)</b></td>
<td><b>Instance</b></td>
</tr>
<tr>
<td title='tests.rest.Subscription_Delete.beforeClass()'><b>beforeClass</b><br>Test class: tests.rest.Subscription_Delete</td>
<td></td>
<td>0</td>
<td>tests.rest.Subscription_Delete@43814d18</td></tr>
<tr>
<td title='tests.rest.PendingInvoice_Get.beforeClass()'><b>beforeClass</b><br>Test class: tests.rest.PendingInvoice_Get</td>
<td></td>
<td>0</td>
<td>tests.rest.PendingInvoice_Get@5c5a1b69</td></tr>
<tr>
<td title='tests.rest.Addonsubscription_Post.beforeClass()'><b>beforeClass</b><br>Test class: tests.rest.Addonsubscription_Post</td>
<td></td>
<td>0</td>
<td>tests.rest.Addonsubscription_Post@3701eaf6</td></tr>
<tr>
<td title='tests.rest.AdditionalStorage_Get.beforeClass()'><b>beforeClass</b><br>Test class: tests.rest.AdditionalStorage_Get</td>
<td></td>
<td>0</td>
<td>tests.rest.AdditionalStorage_Get@627551fb</td></tr>
<tr>
<td title='tests.rest.AdditionalStoragelist_Get.beforeClass()'><b>beforeClass</b><br>Test class: tests.rest.AdditionalStoragelist_Get</td>
<td></td>
<td>0</td>
<td>tests.rest.AdditionalStoragelist_Get@2b552920</td></tr>
<tr>
<td title='tests.rest.Additionorcancellicense_Get.beforeClass()'><b>beforeClass</b><br>Test class: tests.rest.Additionorcancellicense_Get</td>
<td></td>
<td>0</td>
<td>tests.rest.Additionorcancellicense_Get@2758fe70</td></tr>
<tr>
<td title='tests.rest.Renewal_Post.beforeClass()'><b>beforeClass</b><br>Test class: tests.rest.Renewal_Post</td>
<td></td>
<td>0</td>
<td>tests.rest.Renewal_Post@1f36e637</td></tr>
<tr>
<td title='tests.rest.Renewallist_Get.beforeClass()'><b>beforeClass</b><br>Test class: tests.rest.Renewallist_Get</td>
<td></td>
<td>0</td>
<td>tests.rest.Renewallist_Get@578486a3</td></tr>
<tr>
<td title='tests.rest.Subscription_Delete.beforeMethod()'><b>beforeMethod</b><br>Test class: tests.rest.Subscription_Delete</td>
<td></td>
<td>0</td>
<td>tests.rest.Subscription_Delete@43814d18</td></tr>
<tr>
<td title='tests.rest.PendingInvoice_Get.beforeMethod()'><b>beforeMethod</b><br>Test class: tests.rest.PendingInvoice_Get</td>
<td></td>
<td>0</td>
<td>tests.rest.PendingInvoice_Get@5c5a1b69</td></tr>
<tr>
<td title='tests.rest.Addonsubscription_Post.beforeMethod()'><b>beforeMethod</b><br>Test class: tests.rest.Addonsubscription_Post</td>
<td></td>
<td>0</td>
<td>tests.rest.Addonsubscription_Post@3701eaf6</td></tr>
<tr>
<td title='tests.rest.AdditionalStorage_Get.beforeMethod()'><b>beforeMethod</b><br>Test class: tests.rest.AdditionalStorage_Get</td>
<td></td>
<td>0</td>
<td>tests.rest.AdditionalStorage_Get@627551fb</td></tr>
<tr>
<td title='tests.rest.AdditionalStoragelist_Get.beforeMethod()'><b>beforeMethod</b><br>Test class: tests.rest.AdditionalStoragelist_Get</td>
<td></td>
<td>0</td>
<td>tests.rest.AdditionalStoragelist_Get@2b552920</td></tr>
<tr>
<td title='tests.rest.Additionorcancellicense_Get.beforeMethod()'><b>beforeMethod</b><br>Test class: tests.rest.Additionorcancellicense_Get</td>
<td></td>
<td>0</td>
<td>tests.rest.Additionorcancellicense_Get@2758fe70</td></tr>
<tr>
<td title='tests.rest.Renewal_Post.beforeMethod()'><b>beforeMethod</b><br>Test class: tests.rest.Renewal_Post</td>
<td></td>
<td>0</td>
<td>tests.rest.Renewal_Post@1f36e637</td></tr>
<tr>
<td title='tests.rest.Renewallist_Get.beforeMethod()'><b>beforeMethod</b><br>Test class: tests.rest.Renewallist_Get</td>
<td></td>
<td>0</td>
<td>tests.rest.Renewallist_Get@578486a3</td></tr>
<tr>
<td title='tests.rest.Subscription_Delete.afterMethod()'><b>afterMethod</b><br>Test class: tests.rest.Subscription_Delete</td>
<td></td>
<td>0</td>
<td>tests.rest.Subscription_Delete@43814d18</td></tr>
<tr>
<td title='tests.rest.PendingInvoice_Get.afterMethod()'><b>afterMethod</b><br>Test class: tests.rest.PendingInvoice_Get</td>
<td></td>
<td>0</td>
<td>tests.rest.PendingInvoice_Get@5c5a1b69</td></tr>
<tr>
<td title='tests.rest.Addonsubscription_Post.afterMethod()'><b>afterMethod</b><br>Test class: tests.rest.Addonsubscription_Post</td>
<td></td>
<td>0</td>
<td>tests.rest.Addonsubscription_Post@3701eaf6</td></tr>
<tr>
<td title='tests.rest.AdditionalStorage_Get.afterMethod()'><b>afterMethod</b><br>Test class: tests.rest.AdditionalStorage_Get</td>
<td></td>
<td>0</td>
<td>tests.rest.AdditionalStorage_Get@627551fb</td></tr>
<tr>
<td title='tests.rest.AdditionalStoragelist_Get.afterMethod()'><b>afterMethod</b><br>Test class: tests.rest.AdditionalStoragelist_Get</td>
<td></td>
<td>0</td>
<td>tests.rest.AdditionalStoragelist_Get@2b552920</td></tr>
<tr>
<td title='tests.rest.Additionorcancellicense_Get.afterMethod()'><b>afterMethod</b><br>Test class: tests.rest.Additionorcancellicense_Get</td>
<td></td>
<td>0</td>
<td>tests.rest.Additionorcancellicense_Get@2758fe70</td></tr>
<tr>
<td title='tests.rest.Renewal_Post.afterMethod()'><b>afterMethod</b><br>Test class: tests.rest.Renewal_Post</td>
<td></td>
<td>0</td>
<td>tests.rest.Renewal_Post@1f36e637</td></tr>
<tr>
<td title='tests.rest.Renewallist_Get.afterMethod()'><b>afterMethod</b><br>Test class: tests.rest.Renewallist_Get</td>
<td></td>
<td>0</td>
<td>tests.rest.Renewallist_Get@578486a3</td></tr>
</table><p>
<table width='100%' border='1' class='invocation-passed'>
<tr><td colspan='4' align='center'><b>PASSED TESTS</b></td></tr>
<tr><td><b>Test method</b></td>
<td width="30%"><b>Exception</b></td>
<td width="10%"><b>Time (seconds)</b></td>
<td><b>Instance</b></td>
</tr>
<tr>
<td title='tests.rest.Subscriptionlist_Get.Subscritption()'><b>Subscritption</b><br>Test class: tests.rest.Subscriptionlist_Get</td>
<td></td>
<td>2</td>
<td>tests.rest.Subscriptionlist_Get@5ae63ade</td></tr>
<tr>
<td title='tests.rest.Subscription_Get.Subscritption()'><b>Subscritption</b><br>Test class: tests.rest.Subscription_Get</td>
<td></td>
<td>1</td>
<td>tests.rest.Subscription_Get@610694f1</td></tr>
<tr>
<td title='tests.rest.Subscription_Post.subscriptions()'><b>subscriptions</b><br>Test class: tests.rest.Subscription_Post<br>Parameters: .\data\postsubscription.JSON</td>
<td></td>
<td>5</td>
<td>tests.rest.Subscription_Post@3dd4520b</td></tr>
</table><p>
<table width='100%' border='1' class='invocation-skipped'>
<tr><td colspan='4' align='center'><b>SKIPPED TESTS</b></td></tr>
<tr><td><b>Test method</b></td>
<td width="30%"><b>Exception</b></td>
<td width="10%"><b>Time (seconds)</b></td>
<td><b>Instance</b></td>
</tr>
<tr>
<td title='tests.rest.Addonsubscription_Post.Addonsubscriptions()'><b>Addonsubscriptions</b><br>Test class: tests.rest.Addonsubscription_Post<br>Parameters: .\data\post addon subscription.JSON</td>
<td></td>
<td>0</td>
<td>tests.rest.Addonsubscription_Post@3701eaf6</td></tr>
<tr>
<td title='tests.rest.PendingInvoice_Get.PendingInvoice()'><b>PendingInvoice</b><br>Test class: tests.rest.PendingInvoice_Get</td>
<td></td>
<td>0</td>
<td>tests.rest.PendingInvoice_Get@5c5a1b69</td></tr>
<tr>
<td title='tests.rest.AdditionalStorage_Get.additionStorage()'><b>additionStorage</b><br>Test class: tests.rest.AdditionalStorage_Get</td>
<td></td>
<td>0</td>
<td>tests.rest.AdditionalStorage_Get@627551fb</td></tr>
<tr>
<td title='tests.rest.AdditionalStoragelist_Get.additionStoragelist()'><b>additionStoragelist</b><br>Test class: tests.rest.AdditionalStoragelist_Get</td>
<td></td>
<td>0</td>
<td>tests.rest.AdditionalStoragelist_Get@2b552920</td></tr>
<tr>
<td title='tests.rest.Additionorcancellicense_Get.addonorcancelLicencse()'><b>addonorcancelLicencse</b><br>Test class: tests.rest.Additionorcancellicense_Get</td>
<td></td>
<td>0</td>
<td>tests.rest.Additionorcancellicense_Get@2758fe70</td></tr>
<tr>
<td title='tests.rest.Renewallist_Get.renewal()'><b>renewal</b><br>Test class: tests.rest.Renewallist_Get</td>
<td></td>
<td>0</td>
<td>tests.rest.Renewallist_Get@578486a3</td></tr>
<tr>
<td title='tests.rest.Subscription_Put.subscription()'><b>subscription</b><br>Test class: tests.rest.Subscription_Put</td>
<td><div><pre>java.lang.RuntimeException: java.lang.NullPointerException
Caused by: java.lang.NullPointerException
	at lib.rest.PreAndTest.getData(PreAndTest.java:79)
	... 22 more
... Removed 30 stack frames</pre></div><a href='#' onClick='toggleBox("stack-trace239824711", this, "Click to show all stack frames", "Click to hide stack frames")'>Click to show all stack frames</a>
<div class='stack-trace' id='stack-trace239824711'><pre>java.lang.RuntimeException: java.lang.NullPointerException
	at org.testng.internal.MethodInvocationHelper.invokeMethodNoCheckedException(MethodInvocationHelper.java:45)
	at org.testng.internal.MethodInvocationHelper.invokeDataProvider(MethodInvocationHelper.java:110)
	at org.testng.internal.Parameters.handleParameters(Parameters.java:429)
	at org.testng.internal.Invoker.handleParameters(Invoker.java:1240)
	at org.testng.internal.Invoker.createParameters(Invoker.java:980)
	at org.testng.internal.Invoker.invokeTestMethods(Invoker.java:1070)
	at org.testng.internal.TestMethodWorker.invokeTestMethods(TestMethodWorker.java:129)
	at org.testng.internal.TestMethodWorker.run(TestMethodWorker.java:112)
	at org.testng.TestRunner.privateRun(TestRunner.java:746)
	at org.testng.TestRunner.run(TestRunner.java:600)
	at org.testng.SuiteRunner.runTest(SuiteRunner.java:366)
	at org.testng.SuiteRunner.runSequentially(SuiteRunner.java:361)
	at org.testng.SuiteRunner.privateRun(SuiteRunner.java:319)
	at org.testng.SuiteRunner.run(SuiteRunner.java:268)
	at org.testng.SuiteRunnerWorker.runSuite(SuiteRunnerWorker.java:52)
	at org.testng.SuiteRunnerWorker.run(SuiteRunnerWorker.java:86)
	at org.testng.TestNG.runSuitesSequentially(TestNG.java:1264)
	at org.testng.TestNG.runSuitesLocally(TestNG.java:1189)
	at org.testng.TestNG.runSuites(TestNG.java:1104)
	at org.testng.TestNG.run(TestNG.java:1076)
	at org.testng.remote.AbstractRemoteTestNG.run(AbstractRemoteTestNG.java:126)
	at org.testng.remote.RemoteTestNG.initAndRun(RemoteTestNG.java:152)
	at org.testng.remote.RemoteTestNG.main(RemoteTestNG.java:57)
Caused by: java.lang.NullPointerException
	at lib.rest.PreAndTest.getData(PreAndTest.java:79)
	at sun.reflect.NativeMethodAccessorImpl.invoke0(Native Method)
	at sun.reflect.NativeMethodAccessorImpl.invoke(NativeMethodAccessorImpl.java:62)
	at sun.reflect.DelegatingMethodAccessorImpl.invoke(DelegatingMethodAccessorImpl.java:43)
	at java.lang.reflect.Method.invoke(Method.java:498)
	at org.testng.internal.MethodInvocationHelper.invokeMethod(MethodInvocationHelper.java:100)
	at org.testng.internal.MethodInvocationHelper.invokeMethod(MethodInvocationHelper.java:51)
	at org.testng.internal.MethodInvocationHelper.invokeMethodNoCheckedException(MethodInvocationHelper.java:41)
	... 22 more
</pre></div></td>
<td>0</td>
<td>tests.rest.Subscription_Put@551aa95a</td></tr>
<tr>
<td title='tests.rest.Renewal_Post.subscriptions()'><b>subscriptions</b><br>Test class: tests.rest.Renewal_Post<br>Parameters: .\data\post renewal.JSON</td>
<td></td>
<td>0</td>
<td>tests.rest.Renewal_Post@1f36e637</td></tr>
<tr>
<td title='tests.rest.Subscription_Delete.userdelete()'><b>userdelete</b><br>Test class: tests.rest.Subscription_Delete</td>
<td></td>
<td>0</td>
<td>tests.rest.Subscription_Delete@43814d18</td></tr>
</table><p>
</body>
</html>